<?xml version="1.0" encoding="UTF-8"?>
<testsuites name="DemoSuite1_1" time="42" tests="3" failures="0" errors="0">
   <testsuite name="DemoSuite1_1" tests="3" failures="0" errors="0" time="42" timestamp="2018-08-27 18:31:13" hostname="E004398 - HW1692.cignitiglobal.com" id="Test Suites/DemoSuite1_1">
      <properties>
         <property name="deviceName" value=""/>
         <property name="devicePlatform" value=""/>
         <property name="logFolder" value="C:\\Users\\E004398\\Katalon Studio\\Guardant\\Reports\\DemoSuite1_1\\20180827_183112"/>
         <property name="logFiles" value="C:\\Users\\E004398\\Katalon Studio\\Guardant\\Reports\\DemoSuite1_1\\20180827_183112\\execution0.log"/>
         <property name="attachments" value="C:\\Users\\E004398\\Katalon Studio\\Guardant\\Reports\\DemoSuite1_1\\20180827_183112\\1535374877573.png"/>
         <property name="hostName" value="E004398 - HW1692.cignitiglobal.com"/>
         <property name="os" value="Windows 7 64bit"/>
         <property name="katalonVersion" value="5.6.1.1"/>
         <property name="browser" value="Chrome 68.0.3440.106"/>
         <property name="hostAddress" value="10.222.55.120"/>
         <property name="sessionId" value="51bee3dcaf70ad806751ed19409d85b0"/>
         <property name="seleniumVersion" value="3.7.1"/>
         <property name="proxyInformation" value="ProxyInformation{proxyOption=NO_PROXY, proxyServerType=HTTP, password=, proxyServerAddress=, proxyServerPort=0}"/>
         <property name="platform" value="Windows 7"/>
      </properties>
      <testcase name="Test Cases/DemoTest/Login" classname="Test Cases/DemoTest/Login" status="PASSED">
         <system-out><![CDATA[2018-08-27 18:31:13 - [TEST_CASE][PASSED] - Test Cases/DemoTest/Login: Test Cases/DemoTest/Login

2018-08-27 18:31:14 - [TEST_STEP][PASSED] - openBrowser: Browser is opened with url: ''

2018-08-27 18:31:16 - [MESSAGE][PASSED] - Browser is opened with url: ''

2018-08-27 18:31:16 - [TEST_STEP][PASSED] - deleteAllCookies: Delete all cookies successfully

2018-08-27 18:31:17 - [MESSAGE][PASSED] - Delete all cookies successfully

2018-08-27 18:31:17 - [TEST_STEP][PASSED] - takeScreenshot: Taking screenshot successfully

2018-08-27 18:31:17 - [MESSAGE][PASSED] - Taking screenshot successfully
[[ATTACHMENT|C:\\Users\\E004398\\Katalon Studio\\Guardant\\Reports\\DemoSuite1_1\\20180827_183112\\1535374877573.png]]

2018-08-27 18:31:17 - [TEST_STEP][PASSED] - navigateToUrl: Navigate to 'http://10.4.80.97:8080/ghlims/logon.jsp' successfully

2018-08-27 18:31:20 - [MESSAGE][PASSED] - Navigate to 'http://10.4.80.97:8080/ghlims/logon.jsp' successfully

2018-08-27 18:31:20 - [TEST_STEP][PASSED] - maximizeWindow: Current window maximized

2018-08-27 18:31:21 - [MESSAGE][PASSED] - Current window maximized

2018-08-27 18:31:21 - [TEST_STEP][PASSED] - setText: Text 'admin' is set on object 'Object Repository/Page_LABVANTAGE Logon/input_username'

2018-08-27 18:31:21 - [MESSAGE][PASSED] - Text 'admin' is set on object 'Object Repository/Page_LABVANTAGE Logon/input_username'

2018-08-27 18:31:21 - [TEST_STEP][PASSED] - setText: Text 'admin' is set on object 'Object Repository/Page_LABVANTAGE Logon/input_password'

2018-08-27 18:31:21 - [MESSAGE][PASSED] - Text 'admin' is set on object 'Object Repository/Page_LABVANTAGE Logon/input_password'

2018-08-27 18:31:21 - [TEST_STEP][PASSED] - click: Object: 'Object Repository/Page_LABVANTAGE Logon/button_Logon' is clicked on

2018-08-27 18:31:22 - [MESSAGE][PASSED] - Object: 'Object Repository/Page_LABVANTAGE Logon/button_Logon' is clicked on]]></system-out>
         <system-err><![CDATA[]]></system-err>
      </testcase>
      <testcase name="Test Cases/DemoTest/CreateDE1_1" classname="Test Cases/DemoTest/CreateDE1_1" status="PASSED">
         <system-out><![CDATA[2018-08-27 18:31:22 - [TEST_CASE][PASSED] - Test Cases/DemoTest/CreateDE1_1: Test Cases/DemoTest/CreateDE1_1

2018-08-27 18:31:23 - [TEST_STEP][PASSED] - Statement - Try: Delayed 5 second(s)

2018-08-27 18:31:23 - [TEST_STEP][PASSED] - Statement - rnd = new java.util.Random(): null

2018-08-27 18:31:23 - [TEST_STEP][PASSED] - Statement - number = rnd.nextInt(999999): null

2018-08-27 18:31:23 - [TEST_STEP][PASSED] - Statement - strbarcode = java.lang.String.format("%06d", number): null

2018-08-27 18:31:23 - [TEST_STEP][PASSED] - click: Object: 'Object Repository/Page_Iteration/td_Accession Clinical' is clicked on

2018-08-27 18:31:23 - [MESSAGE][PASSED] - Object: 'Object Repository/Page_Iteration/td_Accession Clinical' is clicked on

2018-08-27 18:31:23 - [TEST_STEP][PASSED] - setText: Text '096430' is set on object 'Object Repository/Page_Iteration/input_trfbarcode'

2018-08-27 18:31:26 - [MESSAGE][PASSED] - Text '096430' is set on object 'Object Repository/Page_Iteration/input_trfbarcode'

2018-08-27 18:31:26 - [TEST_STEP][PASSED] - setText: Text '455126' is set on object 'Object Repository/Page_Iteration/input_trfversion'

2018-08-27 18:31:27 - [MESSAGE][PASSED] - Text '455126' is set on object 'Object Repository/Page_Iteration/input_trfversion'

2018-08-27 18:31:27 - [TEST_STEP][PASSED] - setText: Text '458543' is set on object 'Object Repository/Page_Iteration/input_trackingno'

2018-08-27 18:31:27 - [MESSAGE][PASSED] - Text '458543' is set on object 'Object Repository/Page_Iteration/input_trackingno'

2018-08-27 18:31:27 - [TEST_STEP][PASSED] - setText: Text '096430' is set on object 'Object Repository/Page_Iteration/input_tubebarcode01'

2018-08-27 18:31:27 - [MESSAGE][PASSED] - Text '096430' is set on object 'Object Repository/Page_Iteration/input_tubebarcode01'

2018-08-27 18:31:27 - [TEST_STEP][PASSED] - setText: Text '096430' is set on object 'Object Repository/Page_Iteration/input_tubebarcode02'

2018-08-27 18:31:27 - [MESSAGE][PASSED] - Text '096430' is set on object 'Object Repository/Page_Iteration/input_tubebarcode02'

2018-08-27 18:31:27 - [TEST_STEP][PASSED] - setText: Text '2' is set on object 'Object Repository/Page_Iteration/input_noofpages'

2018-08-27 18:31:27 - [MESSAGE][PASSED] - Text '2' is set on object 'Object Repository/Page_Iteration/input_noofpages'

2018-08-27 18:31:27 - [TEST_STEP][PASSED] - setText: Text 'Date' is set on object 'Object Repository/Page_Iteration/a_21'

2018-08-27 18:31:27 - [MESSAGE][PASSED] - Text 'Date' is set on object 'Object Repository/Page_Iteration/a_21'

2018-08-27 18:31:27 - [TEST_STEP][PASSED] - click: Object: 'Object Repository/Page_Iteration/input_searchbutton' is clicked on

2018-08-27 18:31:27 - [MESSAGE][PASSED] - Object: 'Object Repository/Page_Iteration/input_searchbutton' is clicked on

2018-08-27 18:31:27 - [TEST_STEP][PASSED] - switchToWindowIndex: Switched to window with index: '1'

2018-08-27 18:31:27 - [MESSAGE][PASSED] - Switched to window with index: '1'

2018-08-27 18:31:27 - [TEST_STEP][PASSED] - setText: Text 'sqa' is set on object 'Object Repository/Page_/input_firstnamesrch'

2018-08-27 18:31:28 - [MESSAGE][PASSED] - Text 'sqa' is set on object 'Object Repository/Page_/input_firstnamesrch'

2018-08-27 18:31:28 - [TEST_STEP][PASSED] - click: Object: 'Object Repository/Page_/input_Search' is clicked on

2018-08-27 18:31:29 - [MESSAGE][PASSED] - Object: 'Object Repository/Page_/input_Search' is clicked on

2018-08-27 18:31:29 - [TEST_STEP][PASSED] - click: Object: 'Object Repository/Page_/Physician_checkbox' is clicked on

2018-08-27 18:31:29 - [MESSAGE][PASSED] - Object: 'Object Repository/Page_/Physician_checkbox' is clicked on

2018-08-27 18:31:29 - [TEST_STEP][PASSED] - switchToWindowIndex: Switched to window with index: '0'

2018-08-27 18:31:29 - [MESSAGE][PASSED] - Switched to window with index: '0'

2018-08-27 18:31:29 - [TEST_STEP][PASSED] - setText: Text '321' is set on object 'Object Repository/Page_Iteration/input_icdcode01'

2018-08-27 18:31:29 - [MESSAGE][PASSED] - Text '321' is set on object 'Object Repository/Page_Iteration/input_icdcode01'

2018-08-27 18:31:29 - [TEST_STEP][PASSED] - setText: Text '422' is set on object 'Object Repository/Page_Iteration/input_icdcode02'

2018-08-27 18:31:29 - [MESSAGE][PASSED] - Text '422' is set on object 'Object Repository/Page_Iteration/input_icdcode02'

2018-08-27 18:31:29 - [TEST_STEP][PASSED] - click: Object: 'Object Repository/Page_Iteration/input_saveAccession01' is clicked on

2018-08-27 18:31:30 - [MESSAGE][PASSED] - Object: 'Object Repository/Page_Iteration/input_saveAccession01' is clicked on

2018-08-27 18:31:30 - [TEST_STEP][PASSED] - switchToWindowIndex: Switched to window with index: '1'

2018-08-27 18:31:30 - [MESSAGE][PASSED] - Switched to window with index: '1'

2018-08-27 18:31:30 - [TEST_STEP][PASSED] - delay: Delayed 5 second(s)

2018-08-27 18:31:35 - [MESSAGE][PASSED] - Delayed 5 second(s)

2018-08-27 18:31:35 - [TEST_STEP][PASSED] - uploadFile: File 'C:\Users\E004398\Downloads\A58708_preliminary_report.pdf' sent to object: 'Object Repository/Page_/Upload'

2018-08-27 18:31:36 - [MESSAGE][PASSED] - File 'C:\Users\E004398\Downloads\A58708_preliminary_report.pdf' sent to object: 'Object Repository/Page_/Upload'

2018-08-27 18:31:36 - [TEST_STEP][PASSED] - delay: Delayed 5 second(s)

2018-08-27 18:31:41 - [MESSAGE][PASSED] - Delayed 5 second(s)

2018-08-27 18:31:41 - [TEST_STEP][PASSED] - Statement - AccessingNumber = com.kms.katalon.core.webui.keyword.WebUiBuiltInKeywords.getText(com.kms.katalon.core.testobject.ObjectRepository.findTestObject(Object Repository/Page_Iteration/AccesingCode)): Text of object 'Object Repository/Page_Iteration/AccesingCode' is: 'A0119567'

2018-08-27 18:31:41 - [MESSAGE][PASSED] - Text of object 'Object Repository/Page_Iteration/AccesingCode' is: 'A0119567'

2018-08-27 18:31:41 - [TEST_STEP][PASSED] - Statement - println(AccessingNumber): null

2018-08-27 18:31:41 - [TEST_STEP][PASSED] - click: Object: 'Object Repository/Page_/submitbtn' is clicked on

2018-08-27 18:31:44 - [MESSAGE][PASSED] - Object: 'Object Repository/Page_/submitbtn' is clicked on

2018-08-27 18:31:44 - [TEST_STEP][PASSED] - delay: Delayed 5 second(s)

2018-08-27 18:31:49 - [MESSAGE][PASSED] - Delayed 5 second(s)

2018-08-27 18:31:49 - [TEST_STEP][PASSED] - click: Object: 'Object Repository/Page_/closewindowBtn' is clicked on

2018-08-27 18:31:49 - [MESSAGE][PASSED] - Object: 'Object Repository/Page_/closewindowBtn' is clicked on

2018-08-27 18:31:49 - [TEST_STEP][PASSED] - switchToWindowIndex: Switched to window with index: '0'

2018-08-27 18:31:49 - [MESSAGE][PASSED] - Switched to window with index: '0'

2018-08-27 18:31:49 - [TEST_STEP][PASSED] - delay: Delayed 5 second(s)

2018-08-27 18:31:54 - [MESSAGE][PASSED] - Delayed 5 second(s)

2018-08-27 18:31:54 - [TEST_STEP][PASSED] - Statement - Finally: null]]></system-out>
         <system-err><![CDATA[]]></system-err>
      </testcase>
      <testcase name="Test Cases/DemoTest/Logoff" classname="Test Cases/DemoTest/Logoff" status="PASSED">
         <system-out><![CDATA[2018-08-27 18:31:54 - [TEST_CASE][PASSED] - Test Cases/DemoTest/Logoff: Test Cases/DemoTest/Logoff

2018-08-27 18:31:54 - [TEST_STEP][PASSED] - click: Object: 'Object Repository/Page_/Logoff' is clicked on

2018-08-27 18:31:55 - [MESSAGE][PASSED] - Object: 'Object Repository/Page_/Logoff' is clicked on]]></system-out>
         <system-err><![CDATA[]]></system-err>
      </testcase>
      <system-out><![CDATA[2018-08-27 18:31:13 - [TEST_SUITE][PASSED] - DemoSuite1_1: Test Cases/DemoTest/Logoff]]></system-out>
      <system-err><![CDATA[]]></system-err>
   </testsuite>
</testsuites>
