<?xml version="1.0" encoding="UTF-8"?>
<testsuites name="DemoSuite1_1" time="15" tests="3" failures="0" errors="0">
   <testsuite name="DemoSuite1_1" tests="3" failures="0" errors="0" time="15" timestamp="2018-08-28 12:06:26" hostname="E004398 - HW1692.cignitiglobal.com" id="Test Suites/DemoSuite1_1">
      <properties>
         <property name="deviceName" value=""/>
         <property name="devicePlatform" value=""/>
         <property name="logFolder" value="C:\\Users\\E004398\\Katalon Studio\\Guardant\\Reports\\DemoSuite1_1\\20180828_120625"/>
         <property name="logFiles" value="C:\\Users\\E004398\\Katalon Studio\\Guardant\\Reports\\DemoSuite1_1\\20180828_120625\\execution0.log"/>
         <property name="attachments" value="C:\\Users\\E004398\\Katalon Studio\\Guardant\\Reports\\DemoSuite1_1\\20180828_120625\\1535438194396.png, C:\\Users\\E004398\\Katalon Studio\\Guardant\\Reports\\DemoSuite1_1\\20180828_120625\\1535438201097.png"/>
         <property name="hostName" value="E004398 - HW1692.cignitiglobal.com"/>
         <property name="os" value="Windows 7 64bit"/>
         <property name="katalonVersion" value="5.6.1.1"/>
         <property name="browser" value="Chrome 68.0.3440.106"/>
         <property name="hostAddress" value="10.222.55.120"/>
         <property name="sessionId" value="235e44366d381e6f10c2a578a8d85cda"/>
         <property name="seleniumVersion" value="3.7.1"/>
         <property name="proxyInformation" value="ProxyInformation{proxyOption=NO_PROXY, proxyServerType=HTTP, password=, proxyServerAddress=, proxyServerPort=0}"/>
         <property name="platform" value="Windows 7"/>
      </properties>
      <testcase name="Test Cases/DemoTest/Login" classname="Test Cases/DemoTest/Login" status="PASSED">
         <system-out><![CDATA[2018-08-28 12:06:27 - [TEST_CASE][PASSED] - Test Cases/DemoTest/Login: Test Cases/DemoTest/Login

2018-08-28 12:06:27 - [TEST_STEP][PASSED] - openBrowser: Browser is opened with url: ''

2018-08-28 12:06:34 - [MESSAGE][PASSED] - Browser is opened with url: ''

2018-08-28 12:06:34 - [TEST_STEP][PASSED] - deleteAllCookies: Delete all cookies successfully

2018-08-28 12:06:34 - [MESSAGE][PASSED] - Delete all cookies successfully

2018-08-28 12:06:34 - [TEST_STEP][PASSED] - takeScreenshot: Taking screenshot successfully

2018-08-28 12:06:34 - [MESSAGE][PASSED] - Taking screenshot successfully
[[ATTACHMENT|C:\\Users\\E004398\\Katalon Studio\\Guardant\\Reports\\DemoSuite1_1\\20180828_120625\\1535438194396.png]]

2018-08-28 12:06:34 - [TEST_STEP][PASSED] - navigateToUrl: Navigate to 'http://10.4.80.97:8080/ghlims/logon.jsp' successfully

2018-08-28 12:06:38 - [MESSAGE][PASSED] - Navigate to 'http://10.4.80.97:8080/ghlims/logon.jsp' successfully

2018-08-28 12:06:38 - [TEST_STEP][PASSED] - maximizeWindow: Current window maximized

2018-08-28 12:06:39 - [MESSAGE][PASSED] - Current window maximized

2018-08-28 12:06:39 - [TEST_STEP][PASSED] - setText: Text 'admin' is set on object 'Object Repository/Page_LABVANTAGE Logon/input_username'

2018-08-28 12:06:39 - [MESSAGE][PASSED] - Text 'admin' is set on object 'Object Repository/Page_LABVANTAGE Logon/input_username'

2018-08-28 12:06:39 - [TEST_STEP][PASSED] - setText: Text 'admin' is set on object 'Object Repository/Page_LABVANTAGE Logon/input_password'

2018-08-28 12:06:39 - [MESSAGE][PASSED] - Text 'admin' is set on object 'Object Repository/Page_LABVANTAGE Logon/input_password'

2018-08-28 12:06:39 - [TEST_STEP][PASSED] - click: Object: 'Object Repository/Page_LABVANTAGE Logon/button_Logon' is clicked on

2018-08-28 12:06:40 - [MESSAGE][PASSED] - Object: 'Object Repository/Page_LABVANTAGE Logon/button_Logon' is clicked on]]></system-out>
         <system-err><![CDATA[]]></system-err>
      </testcase>
      <testcase name="Test Cases/DemoTest/CreateDE1_1" classname="Test Cases/DemoTest/CreateDE1_1" status="PASSED">
         <system-out><![CDATA[2018-08-28 12:06:40 - [TEST_CASE][PASSED] - Test Cases/DemoTest/CreateDE1_1: Test Cases/DemoTest/CreateDE1_1

2018-08-28 12:06:41 - [TEST_STEP][PASSED] - Statement - Try: null

2018-08-28 12:06:41 - [TEST_STEP][PASSED] - Statement - rnd = new java.util.Random(): null

2018-08-28 12:06:41 - [TEST_STEP][PASSED] - Statement - number = rnd.nextInt(999999): null

2018-08-28 12:06:41 - [TEST_STEP][PASSED] - Statement - strbarcode = java.lang.String.format("%06d", number): null

2018-08-28 12:06:41 - [TEST_STEP][PASSED] - takeScreenshot: Taking screenshot successfully

2018-08-28 12:06:41 - [MESSAGE][PASSED] - Taking screenshot successfully
[[ATTACHMENT|C:\\Users\\E004398\\Katalon Studio\\Guardant\\Reports\\DemoSuite1_1\\20180828_120625\\1535438201097.png]]

2018-08-28 12:06:41 - [TEST_STEP][PASSED] - Statement - file = new java.io.FileInputStream(new java.io.File(FilePathxls)): null

2018-08-28 12:06:41 - [TEST_STEP][PASSED] - Statement - Catch (Exception e): null

2018-08-28 12:06:41 - [TEST_STEP][PASSED] - Statement - println("Exception Occured" + e): null

2018-08-28 12:06:41 - [TEST_STEP][PASSED] - Statement - e.printStackTrace(): null

2018-08-28 12:06:41 - [TEST_STEP][PASSED] - Statement - Finally: null]]></system-out>
         <system-err><![CDATA[]]></system-err>
      </testcase>
      <testcase name="Test Cases/DemoTest/Logoff" classname="Test Cases/DemoTest/Logoff" status="PASSED">
         <system-out><![CDATA[2018-08-28 12:06:41 - [TEST_CASE][PASSED] - Test Cases/DemoTest/Logoff: Test Cases/DemoTest/Logoff

2018-08-28 12:06:41 - [TEST_STEP][PASSED] - click: Object: 'Object Repository/Page_/Logoff' is clicked on

2018-08-28 12:06:41 - [MESSAGE][PASSED] - Object: 'Object Repository/Page_/Logoff' is clicked on]]></system-out>
         <system-err><![CDATA[]]></system-err>
      </testcase>
      <system-out><![CDATA[2018-08-28 12:06:26 - [TEST_SUITE][PASSED] - DemoSuite1_1: Test Cases/DemoTest/Logoff]]></system-out>
      <system-err><![CDATA[]]></system-err>
   </testsuite>
</testsuites>
