<?xml version="1.0" encoding="UTF-8"?>
<testsuites name="testKeywords" time="33" tests="1" failures="0" errors="0">
   <testsuite name="testKeywords" tests="1" failures="0" errors="0" time="33" timestamp="2018-09-04 16:51:29" hostname="E003640 - HW0566.cignitiglobal.com" id="Test Suites/research/testKeywords">
      <properties>
         <property name="deviceName" value=""/>
         <property name="devicePlatform" value=""/>
         <property name="logFolder" value="C:\\Guardant_LIMS\\GH_LIMS\\Reports\\research\\testKeywords\\20180904_165128"/>
         <property name="logFiles" value="C:\\Guardant_LIMS\\GH_LIMS\\Reports\\research\\testKeywords\\20180904_165128\\execution0.log"/>
         <property name="attachments" value=""/>
         <property name="hostName" value="E003640 - HW0566.cignitiglobal.com"/>
         <property name="os" value="Windows 7 64bit"/>
         <property name="katalonVersion" value="5.6.1.1"/>
         <property name="browser" value="Chrome 68.0.3440.106"/>
         <property name="hostAddress" value="10.222.55.239"/>
         <property name="sessionId" value="27d2a2881ddae426ea8fdfb2adbb2206"/>
         <property name="seleniumVersion" value="3.7.1"/>
         <property name="proxyInformation" value="ProxyInformation{proxyOption=NO_PROXY, proxyServerType=HTTP, password=, proxyServerAddress=, proxyServerPort=0}"/>
         <property name="platform" value="Windows 7"/>
      </properties>
      <testcase name="Test Cases/research/testKeywords" classname="Test Cases/research/testKeywords" status="PASSED">
         <system-out><![CDATA[2018-09-04 16:51:29 - [TEST_CASE][PASSED] - Test Cases/research/testKeywords: Test Cases/research/testKeywords

2018-09-04 16:51:30 - [TEST_STEP][PASSED] - lims.KW_Class.login: lims.KW_Class.login is PASSED

2018-09-04 16:51:36 - [MESSAGE][PASSED] - Browser is opened with url: 'http://10.4.80.97:8080/ghlims/logon.jsp'

2018-09-04 16:51:37 - [MESSAGE][PASSED] - Current window maximized

2018-09-04 16:51:37 - [MESSAGE][PASSED] - Text 'admin' is set on object 'Object Repository/logOn/input_username'

2018-09-04 16:51:37 - [MESSAGE][PASSED] - Text 'admin' is set on object 'Object Repository/logOn/input_password'

2018-09-04 16:51:38 - [MESSAGE][PASSED] - Object: 'Object Repository/logOn/button_Logon' is clicked on

2018-09-04 16:51:38 - [MESSAGE][PASSED] - lims.KW_Class.login is PASSED

2018-09-04 16:51:38 - [TEST_STEP][PASSED] - callTestCase: Call Test Case 'Test Cases/lims/checkingAlert' successfully

2018-09-04 16:51:38 - [TEST_CASE][PASSED] - Test Cases/lims/checkingAlert: Test Cases/lims/checkingAlert

2018-09-04 16:51:38 - [TEST_STEP][PASSED] - click: Object: 'Object Repository/dE1_Objects/td_Accession Clinical' is clicked on

2018-09-04 16:51:39 - [MESSAGE][PASSED] - Object: 'Object Repository/dE1_Objects/td_Accession Clinical' is clicked on

2018-09-04 16:51:39 - [TEST_STEP][PASSED] - scrollToElement: Scroll to object 'Object Repository/dE1_Objects/input_saveAccession01' successfully

2018-09-04 16:51:42 - [MESSAGE][PASSED] - Scroll to object 'Object Repository/dE1_Objects/input_saveAccession01' successfully

2018-09-04 16:51:42 - [TEST_STEP][PASSED] - click: Object: 'Object Repository/dE1_Objects/input_saveAccession01' is clicked on

2018-09-04 16:51:42 - [MESSAGE][PASSED] - Object: 'Object Repository/dE1_Objects/input_saveAccession01' is clicked on

2018-09-04 16:51:42 - [TEST_STEP][PASSED] - delay: Delayed 5 second(s)

2018-09-04 16:51:47 - [MESSAGE][PASSED] - Delayed 5 second(s)

2018-09-04 16:51:47 - [TEST_STEP][PASSED] - Statement - flag = com.kms.katalon.core.webui.keyword.WebUiBuiltInKeywords.waitForAlert(15): Alert is present after 15 second(s).

2018-09-04 16:51:47 - [MESSAGE][PASSED] - Alert is present after 15 second(s).

2018-09-04 16:51:47 - [TEST_STEP][PASSED] - Statement - If (flag): Alert accepted

2018-09-04 16:51:47 - [TEST_STEP][PASSED] - Statement - s = com.kms.katalon.core.webui.keyword.WebUiBuiltInKeywords.getAlertText(): Get alert text successfully: '! Tracking Number must be entered'

2018-09-04 16:51:47 - [MESSAGE][PASSED] - Get alert text successfully: '! Tracking Number must be entered'

2018-09-04 16:51:47 - [TEST_STEP][PASSED] - Statement - println("           Alert Text*************:->" + s): null

2018-09-04 16:51:47 - [TEST_STEP][PASSED] - acceptAlert: Alert accepted

2018-09-04 16:51:47 - [MESSAGE][PASSED] - Alert accepted

2018-09-04 16:51:47 - [TEST_STEP][PASSED] - delay: Delayed 15 second(s)

2018-09-04 16:52:02 - [MESSAGE][PASSED] - Delayed 15 second(s)

2018-09-04 16:52:02 - [MESSAGE][PASSED] - Call Test Case 'Test Cases/lims/checkingAlert' successfully]]></system-out>
         <system-err><![CDATA[]]></system-err>
      </testcase>
      <system-out><![CDATA[2018-09-04 16:51:29 - [TEST_SUITE][PASSED] - testKeywords: Test Cases/research/testKeywords]]></system-out>
      <system-err><![CDATA[]]></system-err>
   </testsuite>
</testsuites>
